TN:
SF:hometask7\src\api\index.ts
FNF:0
FNH:0
DA:1,2
DA:2,2
DA:3,2
DA:5,2
LF:4
LH:4
BRF:0
BRH:0
end_of_record
TN:
SF:hometask7\src\api\middlewares\auth.middlewares.ts
FN:6,(anonymous_1)
FNF:1
FNH:0
FNDA:0,(anonymous_1)
DA:2,2
DA:4,2
DA:6,2
DA:11,0
DA:12,0
DA:15,0
DA:17,0
DA:18,0
DA:21,0
DA:22,0
DA:24,0
DA:26,0
LF:12
LH:3
BRDA:11,0,0,0
BRDA:17,1,0,0
BRF:2
BRH:0
end_of_record
TN:
SF:hometask7\src\api\middlewares\error-handling.middleware.ts
FN:6,(anonymous_0)
FN:23,(anonymous_1)
FN:39,(anonymous_2)
FNF:3
FNH:2
FNDA:11,(anonymous_0)
FNDA:3,(anonymous_1)
FNDA:0,(anonymous_2)
DA:3,2
DA:4,2
DA:6,2
DA:12,11
DA:13,8
DA:14,3
DA:15,0
DA:16,3
DA:17,0
DA:19,3
DA:23,2
DA:29,3
DA:30,3
DA:31,3
DA:33,3
DA:36,3
DA:39,2
DA:43,0
DA:44,0
DA:46,0
LF:20
LH:15
BRDA:12,0,0,8
BRDA:12,0,1,3
BRDA:14,1,0,0
BRDA:14,1,1,3
BRDA:16,2,0,0
BRDA:16,2,1,3
BRDA:29,3,0,3
BRF:7
BRH:5
end_of_record
TN:
SF:hometask7\src\api\middlewares\http-logging.middleware.ts
FN:5,(anonymous_0)
FNF:1
FNH:0
FNDA:0,(anonymous_0)
DA:3,2
DA:5,2
DA:10,0
DA:11,0
DA:15,0
DA:17,0
LF:6
LH:2
BRF:0
BRH:0
end_of_record
TN:
SF:hometask7\src\api\middlewares\user.validator.ts
FN:12,(anonymous_1)
FN:13,(anonymous_2)
FNF:2
FNH:2
FNDA:2,(anonymous_1)
FNDA:3,(anonymous_2)
DA:2,2
DA:4,2
DA:12,2
DA:13,2
DA:14,3
DA:16,3
DA:17,2
DA:18,2
DA:21,1
DA:25,2
LF:10
LH:10
BRDA:16,0,0,2
BRF:1
BRH:1
end_of_record
TN:
SF:hometask7\src\api\routes\auth.routes.ts
FNF:0
FNH:0
DA:1,2
DA:3,2
DA:5,2
DA:7,2
DA:9,2
LF:5
LH:5
BRF:0
BRH:0
end_of_record
TN:
SF:hometask7\src\api\routes\group.routes.ts
FNF:0
FNH:0
DA:1,2
DA:3,2
DA:5,2
DA:7,2
DA:9,2
DA:11,2
DA:13,2
DA:15,2
DA:17,2
DA:19,2
LF:10
LH:10
BRF:0
BRH:0
end_of_record
TN:
SF:hometask7\src\api\routes\user.routes.ts
FNF:0
FNH:0
DA:1,2
DA:3,2
DA:5,2
DA:7,2
DA:9,2
DA:11,2
DA:13,2
DA:15,2
DA:17,2
DA:19,2
LF:10
LH:10
BRF:0
BRH:0
end_of_record
TN:
SF:hometask7\src\config\database.ts
FNF:0
FNH:0
DA:1,4
DA:3,4
DA:5,4
DA:13,4
LF:4
LH:4
BRF:0
BRH:0
end_of_record
TN:
SF:hometask7\src\config\index.ts
FNF:0
FNH:0
DA:1,6
DA:3,6
DA:5,6
LF:3
LH:3
BRF:0
BRH:0
end_of_record
TN:
SF:hometask7\src\controllers\auth.controller.ts
FN:10,(anonymous_9)
FNF:1
FNH:0
FNDA:0,(anonymous_9)
DA:2,2
DA:4,2
DA:5,2
DA:6,2
DA:8,2
DA:10,2
DA:11,0
DA:13,0
DA:15,0
DA:16,0
DA:19,0
LF:11
LH:6
BRDA:15,0,0,0
BRF:1
BRH:0
end_of_record
TN:
SF:hometask7\src\controllers\group.controller.ts
FN:9,(anonymous_8)
FN:15,(anonymous_10)
FN:22,(anonymous_12)
FN:29,(anonymous_14)
FN:40,(anonymous_16)
FN:47,(anonymous_18)
FNF:6
FNH:5
FNDA:2,(anonymous_8)
FNDA:2,(anonymous_10)
FNDA:4,(anonymous_12)
FNDA:2,(anonymous_14)
FNDA:2,(anonymous_16)
FNDA:0,(anonymous_18)
DA:3,2
DA:5,2
DA:7,2
DA:9,2
DA:10,2
DA:11,1
DA:15,2
DA:16,2
DA:17,2
DA:18,1
DA:22,2
DA:23,4
DA:24,4
DA:25,1
DA:29,2
DA:30,2
DA:31,2
DA:32,2
DA:36,1
DA:40,2
DA:41,2
DA:42,2
DA:43,1
DA:47,2
DA:51,0
DA:52,0
DA:53,0
DA:54,0
LF:28
LH:24
BRF:0
BRH:0
end_of_record
TN:
SF:hometask7\src\controllers\user.controller.ts
FN:9,(anonymous_8)
FN:19,(anonymous_10)
FN:26,(anonymous_12)
FN:33,(anonymous_14)
FN:41,(anonymous_16)
FNF:5
FNH:5
FNDA:3,(anonymous_8)
FNDA:2,(anonymous_10)
FNDA:1,(anonymous_12)
FNDA:2,(anonymous_14)
FNDA:2,(anonymous_16)
DA:3,2
DA:5,2
DA:7,2
DA:9,2
DA:10,3
DA:11,3
DA:15,2
DA:19,2
DA:20,2
DA:21,2
DA:22,1
DA:26,2
DA:27,1
DA:28,1
DA:29,1
DA:33,2
DA:34,2
DA:35,2
DA:36,2
DA:37,1
DA:41,2
DA:45,2
DA:46,2
DA:47,1
LF:24
LH:24
BRDA:10,0,0,2
BRDA:10,1,0,2
BRF:2
BRH:2
end_of_record
TN:
SF:hometask7\src\loaders\express.ts
FN:32,(anonymous_1)
FN:33,(anonymous_2)
FNF:2
FNH:0
FNDA:0,(anonymous_1)
FNDA:0,(anonymous_2)
DA:1,2
DA:2,2
DA:4,2
DA:5,2
DA:6,2
DA:11,2
DA:12,2
DA:13,2
DA:15,2
DA:16,2
DA:17,2
DA:19,2
DA:20,2
DA:22,2
DA:23,2
DA:24,2
DA:25,2
DA:27,2
DA:28,2
DA:30,2
DA:32,2
DA:33,0
LF:22
LH:21
BRF:0
BRH:0
end_of_record
TN:
SF:hometask7\src\models\group.ts
FNF:0
FNH:0
DA:1,4
DA:3,4
DA:5,4
DA:25,4
LF:4
LH:4
BRF:0
BRH:0
end_of_record
TN:
SF:hometask7\src\models\user-group.ts
FNF:0
FNH:0
DA:1,4
DA:3,4
DA:5,4
DA:29,4
LF:4
LH:4
BRF:0
BRH:0
end_of_record
TN:
SF:hometask7\src\models\user.ts
FNF:0
FNH:0
DA:1,4
DA:3,4
DA:5,4
DA:29,4
LF:4
LH:4
BRF:0
BRH:0
end_of_record
TN:
SF:hometask7\src\services\group.service.ts
FN:11,(anonymous_8)
FN:32,(anonymous_10)
FN:54,(anonymous_12)
FN:63,(anonymous_14)
FN:78,(anonymous_16)
FN:98,(anonymous_18)
FN:120,(anonymous_20)
FNF:7
FNH:0
FNDA:0,(anonymous_8)
FNDA:0,(anonymous_10)
FNDA:0,(anonymous_12)
FNDA:0,(anonymous_14)
FNDA:0,(anonymous_16)
FNDA:0,(anonymous_18)
FNDA:0,(anonymous_20)
DA:1,2
DA:3,2
DA:4,2
DA:5,2
DA:7,2
DA:8,2
DA:10,2
DA:12,0
DA:25,0
DA:26,0
DA:29,0
DA:33,0
DA:47,0
DA:48,0
DA:51,0
DA:57,0
DA:58,0
DA:60,0
DA:67,0
DA:69,0
DA:70,0
DA:73,0
DA:79,0
DA:85,0
DA:91,0
DA:92,0
DA:95,0
DA:99,0
DA:104,0
DA:105,0
DA:108,0
DA:115,0
DA:116,0
DA:119,0
DA:121,0
DA:123,0
DA:131,0
LF:37
LH:7
BRDA:25,0,0,0
BRDA:47,1,0,0
BRDA:69,2,0,0
BRDA:91,3,0,0
BRDA:104,4,0,0
BRDA:115,5,0,0
BRF:6
BRH:0
end_of_record
TN:
SF:hometask7\src\services\user.service.ts
FN:12,(anonymous_8)
FN:44,(anonymous_10)
FN:66,(anonymous_12)
FN:73,(anonymous_14)
FN:88,(anonymous_16)
FN:114,(anonymous_18)
FNF:6
FNH:0
FNDA:0,(anonymous_8)
FNDA:0,(anonymous_10)
FNDA:0,(anonymous_12)
FNDA:0,(anonymous_14)
FNDA:0,(anonymous_16)
FNDA:0,(anonymous_18)
DA:1,2
DA:2,2
DA:4,2
DA:5,2
DA:6,2
DA:8,2
DA:9,2
DA:11,2
DA:13,0
DA:14,0
DA:20,0
DA:21,0
DA:24,0
DA:27,0
DA:37,0
DA:38,0
DA:41,0
DA:45,0
DA:59,0
DA:60,0
DA:63,0
DA:67,0
DA:68,0
DA:70,0
DA:77,0
DA:79,0
DA:80,0
DA:83,0
DA:89,0
DA:95,0
DA:107,0
DA:108,0
DA:111,0
DA:115,0
DA:119,0
DA:120,0
DA:123,0
LF:37
LH:8
BRDA:13,0,0,0
BRDA:20,1,0,0
BRDA:37,2,0,0
BRDA:59,3,0,0
BRDA:79,4,0,0
BRDA:107,5,0,0
BRDA:119,6,0,0
BRF:7
BRH:0
end_of_record
TN:
SF:hometask7\src\shared\enum.ts
FN:1,(anonymous_0)
FN:9,(anonymous_1)
FN:15,(anonymous_2)
FNF:3
FNH:3
FNDA:4,(anonymous_0)
FNDA:4,(anonymous_1)
FNDA:4,(anonymous_2)
DA:1,4
DA:2,4
DA:3,4
DA:4,4
DA:5,4
DA:6,4
DA:9,4
DA:10,4
DA:11,4
DA:12,4
DA:15,4
DA:16,4
DA:17,4
DA:18,4
DA:19,4
DA:20,4
LF:16
LH:16
BRDA:1,0,0,4
BRDA:1,0,1,4
BRDA:9,1,0,4
BRDA:9,1,1,4
BRDA:15,2,0,4
BRDA:15,2,1,4
BRF:6
BRH:6
end_of_record
TN:
SF:hometask7\src\shared\error.ts
FN:4,(anonymous_0)
FN:12,(anonymous_1)
FN:20,(anonymous_2)
FNF:3
FNH:1
FNDA:0,(anonymous_0)
FNDA:8,(anonymous_1)
FNDA:0,(anonymous_2)
DA:1,4
DA:3,4
DA:5,0
DA:6,0
DA:7,0
DA:11,4
DA:13,8
DA:14,8
DA:15,8
DA:19,4
DA:21,0
DA:22,0
DA:23,0
LF:13
LH:7
BRF:0
BRH:0
end_of_record
TN:
SF:hometask7\src\shared\logger.ts
FN:8,(anonymous_0)
FNF:1
FNH:1
FNDA:3,(anonymous_0)
DA:1,4
DA:3,4
DA:8,3
LF:3
LH:3
BRF:0
BRH:0
end_of_record
